This is pdfTeX, Version 3.1415926-2.4-1.40.13 (TeX Live 2012) (format=pdflatex 2012.9.21)  16 JAN 2013 17:07
entering extended mode
 restricted \write18 enabled.
 %&-line parsing enabled.
**thesis.tex
(./thesis.tex
LaTeX2e <2011/06/27>
Babel <v3.8m> and hyphenation patterns for english, dumylang, nohyphenation, ge
rman-x-2012-05-30, ngerman-x-2012-05-30, afrikaans, ancientgreek, ibycus, arabi
c, armenian, basque, bulgarian, catalan, pinyin, coptic, croatian, czech, danis
h, dutch, ukenglish, usenglishmax, esperanto, estonian, ethiopic, farsi, finnis
h, french, friulan, galician, german, ngerman, swissgerman, monogreek, greek, h
ungarian, icelandic, assamese, bengali, gujarati, hindi, kannada, malayalam, ma
rathi, oriya, panjabi, tamil, telugu, indonesian, interlingua, irish, italian, 
kurmanji, latin, latvian, lithuanian, mongolian, mongolianlmc, bokmal, nynorsk,
 polish, portuguese, romanian, romansh, russian, sanskrit, serbian, serbianc, s
lovak, slovenian, spanish, swedish, turkish, turkmen, ukrainian, uppersorbian, 
welsh, loaded.
(/usr/local/texlive/2012/texmf-dist/tex/latex/base/report.cls
Document Class: report 2007/10/19 v1.4h Standard LaTeX document class
(/usr/local/texlive/2012/texmf-dist/tex/latex/base/size11.clo
File: size11.clo 2007/10/19 v1.4h Standard LaTeX file (size option)
)
\c@part=\count79
\c@chapter=\count80
\c@section=\count81
\c@subsection=\count82
\c@subsubsection=\count83
\c@paragraph=\count84
\c@subparagraph=\count85
\c@figure=\count86
\c@table=\count87
\abovecaptionskip=\skip41
\belowcaptionskip=\skip42
\bibindent=\dimen102
)
(/usr/local/texlive/2012/texmf-dist/tex/latex/geometry/geometry.sty
Package: geometry 2010/09/12 v5.6 Page Geometry

(/usr/local/texlive/2012/texmf-dist/tex/latex/graphics/keyval.sty
Package: keyval 1999/03/16 v1.13 key=value parser (DPC)
\KV@toks@=\toks14
)
(/usr/local/texlive/2012/texmf-dist/tex/generic/oberdiek/ifpdf.sty
Package: ifpdf 2011/01/30 v2.3 Provides the ifpdf switch (HO)
Package ifpdf Info: pdfTeX in PDF mode is detected.
)
(/usr/local/texlive/2012/texmf-dist/tex/generic/oberdiek/ifvtex.sty
Package: ifvtex 2010/03/01 v1.5 Detect VTeX and its facilities (HO)
Package ifvtex Info: VTeX not detected.
)
(/usr/local/texlive/2012/texmf-dist/tex/generic/ifxetex/ifxetex.sty
Package: ifxetex 2010/09/12 v0.6 Provides ifxetex conditional
)
\Gm@cnth=\count88
\Gm@cntv=\count89
\c@Gm@tempcnt=\count90
\Gm@bindingoffset=\dimen103
\Gm@wd@mp=\dimen104
\Gm@odd@mp=\dimen105
\Gm@even@mp=\dimen106
\Gm@layoutwidth=\dimen107
\Gm@layoutheight=\dimen108
\Gm@layouthoffset=\dimen109
\Gm@layoutvoffset=\dimen110
\Gm@dimlist=\toks15
)
(/usr/local/texlive/2012/texmf-dist/tex/latex/base/textcomp.sty
Package: textcomp 2005/09/27 v1.99g Standard LaTeX package
Package textcomp Info: Sub-encoding information:
(textcomp)               5 = only ISO-Adobe without \textcurrency
(textcomp)               4 = 5 + \texteuro
(textcomp)               3 = 4 + \textohm
(textcomp)               2 = 3 + \textestimated + \textcurrency
(textcomp)               1 = TS1 - \textcircled - \t
(textcomp)               0 = TS1 (full)
(textcomp)             Font families with sub-encoding setting implement
(textcomp)             only a restricted character set as indicated.
(textcomp)             Family '?' is the default used for unknown fonts.
(textcomp)             See the documentation for details.
Package textcomp Info: Setting ? sub-encoding to TS1/1 on input line 71.

(/usr/local/texlive/2012/texmf-dist/tex/latex/base/ts1enc.def
File: ts1enc.def 2001/06/05 v3.0e (jk/car/fm) Standard LaTeX file
)
LaTeX Info: Redefining \oldstylenums on input line 266.
Package textcomp Info: Setting cmr sub-encoding to TS1/0 on input line 281.
Package textcomp Info: Setting cmss sub-encoding to TS1/0 on input line 282.
Package textcomp Info: Setting cmtt sub-encoding to TS1/0 on input line 283.
Package textcomp Info: Setting cmvtt sub-encoding to TS1/0 on input line 284.
Package textcomp Info: Setting cmbr sub-encoding to TS1/0 on input line 285.
Package textcomp Info: Setting cmtl sub-encoding to TS1/0 on input line 286.
Package textcomp Info: Setting ccr sub-encoding to TS1/0 on input line 287.
Package textcomp Info: Setting ptm sub-encoding to TS1/4 on input line 288.
Package textcomp Info: Setting pcr sub-encoding to TS1/4 on input line 289.
Package textcomp Info: Setting phv sub-encoding to TS1/4 on input line 290.
Package textcomp Info: Setting ppl sub-encoding to TS1/3 on input line 291.
Package textcomp Info: Setting pag sub-encoding to TS1/4 on input line 292.
Package textcomp Info: Setting pbk sub-encoding to TS1/4 on input line 293.
Package textcomp Info: Setting pnc sub-encoding to TS1/4 on input line 294.
Package textcomp Info: Setting pzc sub-encoding to TS1/4 on input line 295.
Package textcomp Info: Setting bch sub-encoding to TS1/4 on input line 296.
Package textcomp Info: Setting put sub-encoding to TS1/5 on input line 297.
Package textcomp Info: Setting uag sub-encoding to TS1/5 on input line 298.
Package textcomp Info: Setting ugq sub-encoding to TS1/5 on input line 299.
Package textcomp Info: Setting ul8 sub-encoding to TS1/4 on input line 300.
Package textcomp Info: Setting ul9 sub-encoding to TS1/4 on input line 301.
Package textcomp Info: Setting augie sub-encoding to TS1/5 on input line 302.
Package textcomp Info: Setting dayrom sub-encoding to TS1/3 on input line 303.
Package textcomp Info: Setting dayroms sub-encoding to TS1/3 on input line 304.

Package textcomp Info: Setting pxr sub-encoding to TS1/0 on input line 305.
Package textcomp Info: Setting pxss sub-encoding to TS1/0 on input line 306.
Package textcomp Info: Setting pxtt sub-encoding to TS1/0 on input line 307.
Package textcomp Info: Setting txr sub-encoding to TS1/0 on input line 308.
Package textcomp Info: Setting txss sub-encoding to TS1/0 on input line 309.
Package textcomp Info: Setting txtt sub-encoding to TS1/0 on input line 310.
Package textcomp Info: Setting lmr sub-encoding to TS1/0 on input line 311.
Package textcomp Info: Setting lmdh sub-encoding to TS1/0 on input line 312.
Package textcomp Info: Setting lmss sub-encoding to TS1/0 on input line 313.
Package textcomp Info: Setting lmssq sub-encoding to TS1/0 on input line 314.
Package textcomp Info: Setting lmvtt sub-encoding to TS1/0 on input line 315.
Package textcomp Info: Setting qhv sub-encoding to TS1/0 on input line 316.
Package textcomp Info: Setting qag sub-encoding to TS1/0 on input line 317.
Package textcomp Info: Setting qbk sub-encoding to TS1/0 on input line 318.
Package textcomp Info: Setting qcr sub-encoding to TS1/0 on input line 319.
Package textcomp Info: Setting qcs sub-encoding to TS1/0 on input line 320.
Package textcomp Info: Setting qpl sub-encoding to TS1/0 on input line 321.
Package textcomp Info: Setting qtm sub-encoding to TS1/0 on input line 322.
Package textcomp Info: Setting qzc sub-encoding to TS1/0 on input line 323.
Package textcomp Info: Setting qhvc sub-encoding to TS1/0 on input line 324.
Package textcomp Info: Setting futs sub-encoding to TS1/4 on input line 325.
Package textcomp Info: Setting futx sub-encoding to TS1/4 on input line 326.
Package textcomp Info: Setting futj sub-encoding to TS1/4 on input line 327.
Package textcomp Info: Setting hlh sub-encoding to TS1/3 on input line 328.
Package textcomp Info: Setting hls sub-encoding to TS1/3 on input line 329.
Package textcomp Info: Setting hlst sub-encoding to TS1/3 on input line 330.
Package textcomp Info: Setting hlct sub-encoding to TS1/5 on input line 331.
Package textcomp Info: Setting hlx sub-encoding to TS1/5 on input line 332.
Package textcomp Info: Setting hlce sub-encoding to TS1/5 on input line 333.
Package textcomp Info: Setting hlcn sub-encoding to TS1/5 on input line 334.
Package textcomp Info: Setting hlcw sub-encoding to TS1/5 on input line 335.
Package textcomp Info: Setting hlcf sub-encoding to TS1/5 on input line 336.
Package textcomp Info: Setting pplx sub-encoding to TS1/3 on input line 337.
Package textcomp Info: Setting pplj sub-encoding to TS1/3 on input line 338.
Package textcomp Info: Setting ptmx sub-encoding to TS1/4 on input line 339.
Package textcomp Info: Setting ptmj sub-encoding to TS1/4 on input line 340.
)
(/usr/local/texlive/2012/texmf-dist/tex/latex/natbib/natbib.sty
Package: natbib 2010/09/13 8.31b (PWD, AO)
\bibhang=\skip43
\bibsep=\skip44
LaTeX Info: Redefining \cite on input line 694.
\c@NAT@ctr=\count91
)
(/usr/local/texlive/2012/texmf-dist/tex/latex/graphics/lscape.sty
Package: lscape 2000/10/22 v3.01 Landscape Pages (DPC)

(/usr/local/texlive/2012/texmf-dist/tex/latex/graphics/graphics.sty
Package: graphics 2009/02/05 v1.0o Standard LaTeX Graphics (DPC,SPQR)

(/usr/local/texlive/2012/texmf-dist/tex/latex/graphics/trig.sty
Package: trig 1999/03/16 v1.09 sin cos tan (DPC)
)
(/usr/local/texlive/2012/texmf-dist/tex/latex/latexconfig/graphics.cfg
File: graphics.cfg 2010/04/23 v1.9 graphics configuration of TeX Live
)
Package graphics Info: Driver file: pdftex.def on input line 91.

(/usr/local/texlive/2012/texmf-dist/tex/latex/pdftex-def/pdftex.def
File: pdftex.def 2011/05/27 v0.06d Graphics/color for pdfTeX

(/usr/local/texlive/2012/texmf-dist/tex/generic/oberdiek/infwarerr.sty
Package: infwarerr 2010/04/08 v1.3 Providing info/warning/error messages (HO)
)
(/usr/local/texlive/2012/texmf-dist/tex/generic/oberdiek/ltxcmds.sty
Package: ltxcmds 2011/11/09 v1.22 LaTeX kernel commands for general use (HO)
)
\Gread@gobject=\count92
)))
(/usr/local/texlive/2012/texmf-dist/tex/latex/tools/tabularx.sty
Package: tabularx 1999/01/07 v2.07 `tabularx' package (DPC)

(/usr/local/texlive/2012/texmf-dist/tex/latex/tools/array.sty
Package: array 2008/09/09 v2.4c Tabular extension package (FMi)
\col@sep=\dimen111
\extrarowheight=\dimen112
\NC@list=\toks16
\extratabsurround=\skip45
\backup@length=\skip46
)
\TX@col@width=\dimen113
\TX@old@table=\dimen114
\TX@old@col=\dimen115
\TX@target=\dimen116
\TX@delta=\dimen117
\TX@cols=\count93
\TX@ftn=\toks17
)
(/usr/local/texlive/2012/texmf-dist/tex/latex/booktabs/booktabs.sty
Package: booktabs 2005/04/14 v1.61803 publication quality tables
\heavyrulewidth=\dimen118
\lightrulewidth=\dimen119
\cmidrulewidth=\dimen120
\belowrulesep=\dimen121
\belowbottomsep=\dimen122
\aboverulesep=\dimen123
\abovetopsep=\dimen124
\cmidrulesep=\dimen125
\cmidrulekern=\dimen126
\defaultaddspace=\dimen127
\@cmidla=\count94
\@cmidlb=\count95
\@aboverulesep=\dimen128
\@belowrulesep=\dimen129
\@thisruleclass=\count96
\@lastruleclass=\count97
\@thisrulewidth=\dimen130
)
(/usr/local/texlive/2012/texmf-dist/tex/latex/pdfpages/pdfpages.sty
Package: pdfpages 2012/08/31 v0.4t Insert pages of external PDF documents (AM)

(/usr/local/texlive/2012/texmf-dist/tex/latex/base/ifthen.sty
Package: ifthen 2001/05/26 v1.1c Standard LaTeX ifthen package (DPC)
)
(/usr/local/texlive/2012/texmf-dist/tex/latex/tools/calc.sty
Package: calc 2007/08/22 v4.3 Infix arithmetic (KKT,FJ)
\calc@Acount=\count98
\calc@Bcount=\count99
\calc@Adimen=\dimen131
\calc@Bdimen=\dimen132
\calc@Askip=\skip47
\calc@Bskip=\skip48
LaTeX Info: Redefining \setlength on input line 76.
LaTeX Info: Redefining \addtolength on input line 77.
\calc@Ccount=\count100
\calc@Cskip=\skip49
)
(/usr/local/texlive/2012/texmf-dist/tex/latex/eso-pic/eso-pic.sty
Package: eso-pic 2010/10/06 v2.0c eso-pic (RN)

(/usr/local/texlive/2012/texmf-dist/tex/generic/oberdiek/atbegshi.sty
Package: atbegshi 2011/10/05 v1.16 At begin shipout hook (HO)
)
(/usr/local/texlive/2012/texmf-dist/tex/latex/xcolor/xcolor.sty
Package: xcolor 2007/01/21 v2.11 LaTeX color extensions (UK)

(/usr/local/texlive/2012/texmf-dist/tex/latex/latexconfig/color.cfg
File: color.cfg 2007/01/18 v1.5 color configuration of teTeX/TeXLive
)
Package xcolor Info: Driver file: pdftex.def on input line 225.
Package xcolor Info: Model `cmy' substituted by `cmy0' on input line 1337.
Package xcolor Info: Model `hsb' substituted by `rgb' on input line 1341.
Package xcolor Info: Model `RGB' extended on input line 1353.
Package xcolor Info: Model `HTML' substituted by `rgb' on input line 1355.
Package xcolor Info: Model `Hsb' substituted by `hsb' on input line 1356.
Package xcolor Info: Model `tHsb' substituted by `hsb' on input line 1357.
Package xcolor Info: Model `HSB' substituted by `hsb' on input line 1358.
Package xcolor Info: Model `Gray' substituted by `gray' on input line 1359.
Package xcolor Info: Model `wave' substituted by `hsb' on input line 1360.
))
(/usr/local/texlive/2012/texmf-dist/tex/latex/graphics/graphicx.sty
Package: graphicx 1999/02/16 v1.0f Enhanced LaTeX Graphics (DPC,SPQR)
\Gin@req@height=\dimen133
\Gin@req@width=\dimen134
)
(/usr/local/texlive/2012/texmf-dist/tex/latex/pdfpages/pppdftex.def
File: pppdftex.def 2012/08/31 v0.4t Pdfpages driver for pdfTeX (AM)
)
\AM@pagebox=\box26
\AM@toc@title=\toks18
\c@AM@survey=\count101
\AM@templatesizebox=\box27
)
(/usr/local/texlive/2012/texmf-dist/tex/latex/hyperref/hyperref.sty
Package: hyperref 2012/08/21 v6.83c Hypertext links for LaTeX

(/usr/local/texlive/2012/texmf-dist/tex/generic/oberdiek/hobsub-hyperref.sty
Package: hobsub-hyperref 2012/05/28 v1.13 Bundle oberdiek, subset hyperref (HO)


(/usr/local/texlive/2012/texmf-dist/tex/generic/oberdiek/hobsub-generic.sty
Package: hobsub-generic 2012/05/28 v1.13 Bundle oberdiek, subset generic (HO)
Package: hobsub 2012/05/28 v1.13 Construct package bundles (HO)
Package hobsub Info: Skipping package `infwarerr' (already loaded).
Package hobsub Info: Skipping package `ltxcmds' (already loaded).
Package: ifluatex 2010/03/01 v1.3 Provides the ifluatex switch (HO)
Package ifluatex Info: LuaTeX not detected.
Package hobsub Info: Skipping package `ifvtex' (already loaded).
Package: intcalc 2007/09/27 v1.1 Expandable calculations with integers (HO)
Package hobsub Info: Skipping package `ifpdf' (already loaded).
Package: etexcmds 2011/02/16 v1.5 Avoid name clashes with e-TeX commands (HO)
Package etexcmds Info: Could not find \expanded.
(etexcmds)             That can mean that you are not using pdfTeX 1.50 or
(etexcmds)             that some package has redefined \expanded.
(etexcmds)             In the latter case, load this package earlier.
Package: kvsetkeys 2012/04/25 v1.16 Key value parser (HO)
Package: kvdefinekeys 2011/04/07 v1.3 Define keys (HO)
Package: pdftexcmds 2011/11/29 v0.20 Utility functions of pdfTeX for LuaTeX (HO
)
Package pdftexcmds Info: LuaTeX not detected.
Package pdftexcmds Info: \pdf@primitive is available.
Package pdftexcmds Info: \pdf@ifprimitive is available.
Package pdftexcmds Info: \pdfdraftmode found.
Package: pdfescape 2011/11/25 v1.13 Implements pdfTeX's escape features (HO)
Package: bigintcalc 2012/04/08 v1.3 Expandable calculations on big integers (HO
)
Package: bitset 2011/01/30 v1.1 Handle bit-vector datatype (HO)
Package: uniquecounter 2011/01/30 v1.2 Provide unlimited unique counter (HO)
)
Package hobsub Info: Skipping package `hobsub' (already loaded).
Package: letltxmacro 2010/09/02 v1.4 Let assignment for LaTeX macros (HO)
Package: hopatch 2012/05/28 v1.2 Wrapper for package hooks (HO)
Package: xcolor-patch 2011/01/30 xcolor patch
Package: atveryend 2011/06/30 v1.8 Hooks at the very end of document (HO)
Package atveryend Info: \enddocument detected (standard20110627).
Package hobsub Info: Skipping package `atbegshi' (already loaded).
Package: refcount 2011/10/16 v3.4 Data extraction from label references (HO)
Package: hycolor 2011/01/30 v1.7 Color options for hyperref/bookmark (HO)
)
(/usr/local/texlive/2012/texmf-dist/tex/latex/oberdiek/auxhook.sty
Package: auxhook 2011/03/04 v1.3 Hooks for auxiliary files (HO)
)
(/usr/local/texlive/2012/texmf-dist/tex/latex/oberdiek/kvoptions.sty
Package: kvoptions 2011/06/30 v3.11 Key value format for package options (HO)
)
\@linkdim=\dimen135
\Hy@linkcounter=\count102
\Hy@pagecounter=\count103

(/usr/local/texlive/2012/texmf-dist/tex/latex/hyperref/pd1enc.def
File: pd1enc.def 2012/08/21 v6.83c Hyperref: PDFDocEncoding definition (HO)
)
\Hy@SavedSpaceFactor=\count104

(/usr/local/texlive/2012/texmf-dist/tex/latex/latexconfig/hyperref.cfg
File: hyperref.cfg 2002/06/06 v1.2 hyperref configuration of TeXLive
)
Package hyperref Info: Hyper figures OFF on input line 4263.
Package hyperref Info: Link nesting OFF on input line 4268.
Package hyperref Info: Hyper index ON on input line 4271.
Package hyperref Info: Plain pages OFF on input line 4278.
Package hyperref Info: Backreferencing OFF on input line 4283.
Package hyperref Info: Implicit mode ON; LaTeX internals redefined.
Package hyperref Info: Bookmarks ON on input line 4501.
\c@Hy@tempcnt=\count105

(/usr/local/texlive/2012/texmf-dist/tex/latex/url/url.sty
\Urlmuskip=\muskip10
Package: url 2006/04/12  ver 3.3  Verb mode for urls, etc.
)
LaTeX Info: Redefining \url on input line 4854.
\XeTeXLinkMargin=\dimen136
\Fld@menulength=\count106
\Field@Width=\dimen137
\Fld@charsize=\dimen138
Package hyperref Info: Hyper figures OFF on input line 6094.
Package hyperref Info: Link nesting OFF on input line 6099.
Package hyperref Info: Hyper index ON on input line 6102.
Package hyperref Info: backreferencing OFF on input line 6109.
Package hyperref Info: Link coloring OFF on input line 6114.
Package hyperref Info: Link coloring with OCG OFF on input line 6119.
Package hyperref Info: PDF/A mode OFF on input line 6124.
LaTeX Info: Redefining \ref on input line 6164.
LaTeX Info: Redefining \pageref on input line 6168.
\Hy@abspage=\count107
\c@Item=\count108
\c@Hfootnote=\count109
)

Package hyperref Message: Driver (autodetected): hpdftex.

(/usr/local/texlive/2012/texmf-dist/tex/latex/hyperref/hpdftex.def
File: hpdftex.def 2012/08/21 v6.83c Hyperref driver for pdfTeX
\Fld@listcount=\count110
\c@bookmark@seq@number=\count111

(/usr/local/texlive/2012/texmf-dist/tex/latex/oberdiek/rerunfilecheck.sty
Package: rerunfilecheck 2011/04/15 v1.7 Rerun checks for auxiliary files (HO)
Package uniquecounter Info: New unique counter `rerunfilecheck' on input line 2
82.
)
\Hy@SectionHShift=\skip50
)
(/usr/local/texlive/2012/texmf-dist/tex/latex/oberdiek/hypcap.sty
Package: hypcap 2011/02/16 v1.11 Adjusting the anchors of captions (HO)
)
(/usr/local/texlive/2012/texmf-dist/tex/latex/setspace/setspace.sty
Package: setspace 2011/12/19 v6.7a set line spacing
)
(/usr/local/texlive/2012/texmf-dist/tex/latex/acronym/acronym.sty
Package: acronym 2012/09/04 v1.37 Support for acronyms (Tobias Oetiker)

(/usr/local/texlive/2012/texmf-dist/tex/latex/bigfoot/suffix.sty
Package: suffix 2006/07/15 1.5 Variant command support
)
(/usr/local/texlive/2012/texmf-dist/tex/latex/relsize/relsize.sty
Package: relsize 2011/09/21 ver 4.0

Examine \normalsize starts \@setfontsize size may be \@xipt. 
Examine \small starts \@setfontsize size may be \@xpt. 
Examine \footnotesize starts \@setfontsize size may be \@ixpt. 
Examine \large starts \@setfontsize size may be \@xiipt. 
Examine \Large starts \@setfontsize size may be \@xivpt. 
Examine \LARGE starts \@setfontsize size may be \@xviipt. 
Examine \scriptsize starts \@setfontsize size may be \@viiipt. 
Examine \tiny starts \@setfontsize size may be \@vipt. 
Examine \huge starts \@setfontsize size may be \@xxpt. 
Examine \Huge starts \@setfontsize size may be \@xxvpt. )
\AC@clearlist=\toks19
) (./thesis.aux
(./title.aux) (./originality.aux) (./copyright.aux) (./authenticity.aux)
(./acknowledgements.aux) (./publist.aux) (./abstract.aux) (./acronyms.aux)
(./intro.aux) (./acelake.aux) (./olv.aux) (./orglake.aux) (./viruses.aux)
(./conc.aux) (./appendices.aux))
\openout1 = `thesis.aux'.

LaTeX Font Info:    Checking defaults for OML/cmm/m/it on input line 38.
LaTeX Font Info:    ... okay on input line 38.
LaTeX Font Info:    Checking defaults for T1/cmr/m/n on input line 38.
LaTeX Font Info:    ... okay on input line 38.
LaTeX Font Info:    Checking defaults for OT1/cmr/m/n on input line 38.
LaTeX Font Info:    ... okay on input line 38.
LaTeX Font Info:    Checking defaults for OMS/cmsy/m/n on input line 38.
LaTeX Font Info:    ... okay on input line 38.
LaTeX Font Info:    Checking defaults for OMX/cmex/m/n on input line 38.
LaTeX Font Info:    ... okay on input line 38.
LaTeX Font Info:    Checking defaults for U/cmr/m/n on input line 38.
LaTeX Font Info:    ... okay on input line 38.
LaTeX Font Info:    Checking defaults for TS1/cmr/m/n on input line 38.
LaTeX Font Info:    Try loading font information for TS1+cmr on input line 38.

(/usr/local/texlive/2012/texmf-dist/tex/latex/base/ts1cmr.fd
File: ts1cmr.fd 1999/05/25 v2.5h Standard LaTeX font definitions
)
LaTeX Font Info:    ... okay on input line 38.
LaTeX Font Info:    Checking defaults for PD1/pdf/m/n on input line 38.
LaTeX Font Info:    ... okay on input line 38.

*geometry* driver: auto-detecting
*geometry* detected driver: pdftex
*geometry* verbose mode - [ preamble ] result:
* driver: pdftex
* paper: a4paper
* layout: <same size as paper>
* layoutoffset:(h,v)=(0.0pt,0.0pt)
* modes: twoside 
* h-part:(L,W,R)=(71.70166pt, 418.25368pt, 107.55254pt)
* v-part:(T,H,B)=(85.35826pt, 702.78308pt, 56.9055pt)
* \paperwidth=597.50787pt
* \paperheight=845.04684pt
* \textwidth=418.25368pt
* \textheight=702.78308pt
* \oddsidemargin=-0.56833pt
* \evensidemargin=35.28255pt
* \topmargin=-23.91173pt
* \headheight=12.0pt
* \headsep=25.0pt
* \topskip=11.0pt
* \footskip=30.0pt
* \marginparwidth=103.0pt
* \marginparsep=10.0pt
* \columnsep=10.0pt
* \skip\footins=10.0pt plus 4.0pt minus 2.0pt
* \hoffset=0.0pt
* \voffset=0.0pt
* \mag=1000
* \@twocolumnfalse
* \@twosidetrue
* \@mparswitchtrue
* \@reversemarginfalse
* (1in=72.27pt=25.4mm, 1cm=28.453pt)

(/usr/local/texlive/2012/texmf-dist/tex/context/base/supp-pdf.mkii
[Loading MPS to PDF converter (version 2006.09.02).]
\scratchcounter=\count112
\scratchdimen=\dimen139
\scratchbox=\box28
\nofMPsegments=\count113
\nofMParguments=\count114
\everyMPshowfont=\toks20
\MPscratchCnt=\count115
\MPscratchDim=\dimen140
\MPnumerator=\count116
\makeMPintoPDFobject=\count117
\everyMPtoPDFconversion=\toks21
) (/usr/local/texlive/2012/texmf-dist/tex/latex/oberdiek/epstopdf-base.sty
Package: epstopdf-base 2010/02/09 v2.5 Base part for package epstopdf

(/usr/local/texlive/2012/texmf-dist/tex/latex/oberdiek/grfext.sty
Package: grfext 2010/08/19 v1.1 Manage graphics extensions (HO)
)
Package grfext Info: Graphics extension search list:
(grfext)             [.png,.pdf,.jpg,.mps,.jpeg,.jbig2,.jb2,.PNG,.PDF,.JPG,.JPE
G,.JBIG2,.JB2,.eps]
(grfext)             \AppendGraphicsExtensions on input line 452.

(/usr/local/texlive/2012/texmf-dist/tex/latex/latexconfig/epstopdf-sys.cfg
File: epstopdf-sys.cfg 2010/07/13 v1.3 Configuration of (r)epstopdf for TeX Liv
e
))
\AtBeginShipoutBox=\box29
Package hyperref Info: Link coloring OFF on input line 38.

(/usr/local/texlive/2012/texmf-dist/tex/latex/hyperref/nameref.sty
Package: nameref 2012/07/31 v2.42 Cross-referencing by name of section

(/usr/local/texlive/2012/texmf-dist/tex/generic/oberdiek/gettitlestring.sty
Package: gettitlestring 2010/12/03 v1.4 Cleanup title references (HO)
)
\c@section@level=\count118
)
LaTeX Info: Redefining \ref on input line 38.
LaTeX Info: Redefining \pageref on input line 38.
LaTeX Info: Redefining \nameref on input line 38.

(./thesis.out) (./thesis.out)
\@outlinefile=\write3
\openout3 = `thesis.out'.

\openout2 = `title.aux'.

 (./title.tex [1


{/usr/local/texlive/2012/texmf-var/fonts/map/pdftex/updmap/pdftex.map}])
\openout2 = `originality.aux'.

 (./originality.tex)
Underfull \hbox (badness 10000) in paragraph at lines 3--48

 []


Underfull \hbox (badness 10000) in paragraph at lines 3--48

 []

[1



]
\openout2 = `copyright.aux'.

 (./copyright.tex [2



]) [3]
\openout2 = `authenticity.aux'.

 (./authenticity.tex [4



]) [5]
\openout2 = `acknowledgements.aux'.


(./acknowledgements.tex [6



]) [7]
\openout2 = `publist.aux'.

 (./publist.tex [8



]
LaTeX Font Info:    External font `cmex10' loaded for size
(Font)              <10.95> on input line 12.
LaTeX Font Info:    External font `cmex10' loaded for size
(Font)              <8> on input line 12.
LaTeX Font Info:    External font `cmex10' loaded for size
(Font)              <6> on input line 12.

Overfull \hbox (36.13649pt too wide) in paragraph at lines 25--29
\OT1/cmr/m/n/10.95 En-tirely new per-spec-tives from metage-nomics and metapro-
teomics. $[]$
 []


Overfull \hbox (12.2885pt too wide) in paragraph at lines 35--41
\OT1/cmr/m/n/10.95 tic al-gal host--virus dy-nam-ics. $[]$
 []

) [9]
\openout2 = `abstract.aux'.

 (./abstract.tex [10



]) [11] [12


] (./thesis.toc [13] [14])
\tf@toc=\write4
\openout4 = `thesis.toc'.

 [15] [16

]
(./thesis.lof)
\tf@lof=\write5
\openout5 = `thesis.lof'.

 [17] [18

] (./thesis.lot
Package acronym Info: Label `acro:VLP' newly defined as it shall be overridden
although it is yet undefined on input line 6.

Overfull \hbox (5.39076pt too wide) in paragraph at lines 6--6
 [][] [][]\OT1/cmr/m/n/10.95 Physico-chemical prop-er-ties, cell counts and [][
][] virus-like par-ti-cle ([])[] counts 
 []

)
\tf@lot=\write6
\openout6 = `thesis.lot'.

 [19]
\openout2 = `acronyms.aux'.

 (./acronyms.tex [20


]
Overfull \hbox (7.65158pt too wide) in paragraph at lines 5--6
[]\OT1/cmr/m/n/10.95 one dimensional-sodium do-de-cyl sul-phate poly-acry-lamid
e gel elec-trophore-
 []

[21] [22]) [23]
\openout2 = `intro.aux'.

 (./intro.tex
Chapter 1.

Underfull \hbox (badness 10000) in paragraph at lines 9--10

 []


Underfull \hbox (badness 10000) in paragraph at lines 11--15

 []

pdfTeX warning (ext4): destination with the same identifier (name{page.1}) has 
been already used, duplicate ignored
<to be read again> 
                   \relax 
l.18 \newpage
              [1



] [2] (./intro_figures/vestfold_map.tex
<intro_figures/vestfold_map.png, id=630, 380.01974pt x 406.51875pt>
File: intro_figures/vestfold_map.png Graphic file (type png)

<use intro_figures/vestfold_map.png>
Package pdftex.def Info: intro_figures/vestfold_map.png used on input line 2.
(pdftex.def)             Requested size: 380.01881pt x 406.51775pt.
) [3] [4] [5 <./intro_figures/vestfold_map.png>]
Package acronym Info: Label `acro:PCR' newly defined as it shall be overridden
although it is yet undefined on input line 165.
Package acronym Info: Label `acro:SSU' newly defined as it shall be overridden
although it is yet undefined on input line 165.
Package acronym Info: Label `acro:rRNA' newly defined as it shall be overridden

although it is yet undefined on input line 167.
Package acronym Info: Label `acro:DGGE' newly defined as it shall be overridden

although it is yet undefined on input line 169.
 (./intro_figures/molecular_studies_lakes.tex [6] [7]
<intro_figures/molecular_studies_lakes.pdf, id=788, 845.1575pt x 597.23125pt>
File: intro_figures/molecular_studies_lakes.pdf Graphic file (type pdf)

<use intro_figures/molecular_studies_lakes.pdf>
Package pdftex.def Info: intro_figures/molecular_studies_lakes.pdf used on inpu
t line 5.
(pdftex.def)             Requested size: 845.15544pt x 597.22978pt.

Overfull \hbox (142.37236pt too wide) in paragraph at lines 5--7
[][]
 []


LaTeX Warning: Float too large for page by 213.30943pt on input line 7.

[8 <./intro_figures/molecular_studies_lakes.pdf>]) [9


]
Package acronym Info: Label `acro:GSB' newly defined as it shall be overridden
although it is yet undefined on input line 214.


Package natbib Warning: Citation `Inman2005' on page 10 undefined on input line
 229.


Package natbib Warning: Citation `Wingham2006' on page 10 undefined on input li
ne 229.


Package natbib Warning: Citation `Lukin2011' on page 10 undefined on input line
 229.


Package natbib Warning: Citation `Gramling2012' on page 10 undefined on input l
ine 229.


Package natbib Warning: Citation `Jones2012' on page 10 undefined on input line
 229.

Missing character: There is no ‚ in font cmr10!
Missing character: There is no Ä in font cmr10!
Missing character: There is no ô in font cmr10!

Package natbib Warning: Citation `Lavire2007' on page 10 undefined on input lin
e 233.

[10] [11]
Package acronym Info: Label `acro:DMSO' newly defined as it shall be overridden

although it is yet undefined on input line 303.

Underfull \vbox (badness 10000) has occurred while \output is active []

 [12]
[13]

Package natbib Warning: Citation `Danavoro2011' on page 14 undefined on input l
ine 335.

) [14]
\openout2 = `acelake.aux'.

 (./acelake.tex
Chapter 2.

Underfull \hbox (badness 10000) in paragraph at lines 9--10

 []


Overfull \hbox (103.17982pt too wide) in paragraph at lines 11--17
\OT1/cmr/m/n/10.95 gra-tive study of a meromic-tic lake ecosys-tem in Antarc-ti
ca. $[]$ 
 []


Underfull \hbox (badness 10000) in paragraph at lines 11--17

 []

Package acronym Info: Label `acro:JCVI' newly defined as it shall be overridden

although it is yet undefined on input line 25.
[15



] [16]

Package natbib Warning: Citation `Rankin1999' on page 17 undefined on input lin
e 41.

Package acronym Info: Label `acro:SSU' overridden on input line 44.

Package natbib Warning: Citation `Rankin1999' on page 17 undefined on input lin
e 50.

Package acronym Info: Label `acro:SRB' newly defined as it shall be overridden
although it is yet undefined on input line 52.
Package acronym Info: Label `acro:GOS' newly defined as it shall be overridden
although it is yet undefined on input line 58.
[17]
Package acronym Info: Label `acro:NCBI' newly defined as it shall be overridden

although it is yet undefined on input line 70.
Package acronym Info: Label `acro:NR' newly defined as it shall be overridden
although it is yet undefined on input line 70.


Package natbib Warning: Citation `2010b' on page 18 undefined on input line 70.


Package acronym Info: Label `acro:GSB' overridden on input line 74.
[18]

LaTeX Font Warning: Font shape `OT1/cmr/bx/sc' undefined
(Font)              using `OT1/cmr/bx/n' instead on input line 104.

Package acronym Info: Label `acro:CAMERA' newly defined as it shall be overridd
en
although it is yet undefined on input line 106.
Package acronym Info: Label `acro:BLAST' newly defined as it shall be overridde
n
although it is yet undefined on input line 110.

Package natbib Warning: Citation `Morgulis2006' on page 19 undefined on input l
ine 113.


Package natbib Warning: Citation `Huse2007' on page 19 undefined on input line 
114.


Package natbib Warning: Citation `Huse2007' on page 19 undefined on input line 
116.


Package natbib Warning: Citation `Miller2008' on page 19 undefined on input lin
e 119.


Package natbib Warning: Citation `Chou2001' on page 19 undefined on input line 
119.

Missing character: There is no ‚ in font cmr10!
Missing character: There is no Ä in font cmr10!
Missing character: There is no ô in font cmr10!

Package natbib Warning: Citation `Gomez-Alvarez2009' on page 19 undefined on in
put line 120.

Package acronym Info: Label `acro:COG' newly defined as it shall be overridden
although it is yet undefined on input line 122.
Package acronym Info: Label `acro:WGS' newly defined as it shall be overridden
although it is yet undefined on input line 126.

Package natbib Warning: Citation `Myers2000' on page 19 undefined on input line
 126.

Missing character: There is no ‚ in font cmtt10!
Missing character: There is no Å in font cmtt10!
Missing character: There is no Ñ in font cmtt10!
Package acronym Info: Label `acro:ORF' newly defined as it shall be overridden
although it is yet undefined on input line 132.
Package acronym Info: Label `acro:rRNA' overridden on input line 132.
Package acronym Info: Label `acro:KEGG' newly defined as it shall be overridden

although it is yet undefined on input line 133.
Package acronym Info: Label `acro:HMMER' newly defined as it shall be overridde
n
although it is yet undefined on input line 133.
Package acronym Info: Label `acro:TIGRFAM' newly defined as it shall be overrid
den
although it is yet undefined on input line 133.

Package natbib Warning: Citation `Haft2001' on page 19 undefined on input line 
133.


Package natbib Warning: Citation `Tatusov1997' on page 19 undefined on input li
ne 133.


Package natbib Warning: Citation `Tatusov2003' on page 19 undefined on input li
ne 133.


Package natbib Warning: Citation `von Mering2007' on page 19 undefined on input
 line 133.


Overfull \hbox (7.64922pt too wide) in paragraph at lines 126--135
[]$\OT1/cmtt/m/n/10.95 (http : / / sourceforge . net / apps / mediawiki / wgs-[
]assembler / index . php ? title14SFF _
 []

[19]
Package acronym Info: Label `acro:VLP' overridden on input line 139.


LaTeX Warning: Command \textregistered invalid in math mode on input line 144.


LaTeX Warning: Command \textregistered invalid in math mode on input line 144.

Missing character: There is no Æ in font cmr8!
Package acronym Info: Label `acro:1D-SDS PAGE' newly defined as it shall be ove
rridden
although it is yet undefined on input line 150.
Package acronym Info: Label `acro:MS' newly defined as it shall be overridden
although it is yet undefined on input line 150.
Package acronym Info: Label `acro:MS-MS' newly defined as it shall be overridde
n
although it is yet undefined on input line 150.

Package natbib Warning: Citation `Keller2002' on page 20 undefined on input lin
e 154.

[20]

Package natbib Warning: Citation `Florens2006' on page 21 undefined on input li
ne 164.


Package natbib Warning: Citation `Zybailov2006' on page 21 undefined on input l
ine 164.

Missing character: There is no ‚ in font cmr10!
Missing character: There is no Ä in font cmr10!
Missing character: There is no ô in font cmr10!
Missing character: There is no ‚ in font cmr10!
Missing character: There is no Ä in font cmr10!
Missing character: There is no ì in font cmr10!
Package acronym Info: Label `acro:STAMP' newly defined as it shall be overridde
n
although it is yet undefined on input line 174.

Package natbib Warning: Citation `Parks2010' on page 21 undefined on input line
 174.


Package natbib Warning: Citation `Suttle2005' on page 21 undefined on input lin
e 189.


Underfull \vbox (badness 10000) has occurred while \output is active []

 [21]

Package natbib Warning: Citation `Hennes1995' on page 22 undefined on input lin
e 196.

Package acronym Info: Label `acro:PCTE' newly defined as it shall be overridden

although it is yet undefined on input line 202.

Package natbib Warning: Citation `Hara1991' on page 22 undefined on input line 
206.


Package natbib Warning: Citation `Proctor1992' on page 22 undefined on input li
ne 206.


Package natbib Warning: Citation `Hobbie1977' on page 22 undefined on input lin
e 207.

[22] [23]
Package acronym Info: Label `acro:CRISPR' newly defined as it shall be overridd
en
although it is yet undefined on input line 269.
Package acronym Info: Label `acro:CAS' newly defined as it shall be overridden
although it is yet undefined on input line 269.
Package acronym Info: Label `acro:ABC' newly defined as it shall be overridden
although it is yet undefined on input line 277.
Package acronym Info: Label `acro:DOC' newly defined as it shall be overridden
although it is yet undefined on input line 282.
Missing character: There is no ¬ in font cmr10!
Missing character: There is no ñ in font cmr10!
 [24]
Underfull \vbox (badness 10000) has occurred while \output is active []

 [25]
Overfull \hbox (1.25351pt too wide) in paragraph at lines 301--313
\OT1/cmr/m/n/10.95 Using com-ple-men-tary ap-proaches helps to val-i-date the r
e-search method-ol-ogy and metage-
 []

) [26]
\openout2 = `olv.aux'.

 (./olv.tex
Chapter 3.

Underfull \hbox (badness 10000) in paragraph at lines 9--10

 []


Underfull \hbox (badness 10000) in paragraph at lines 11--17

 []

[27



] [28]

Package natbib Warning: Citation `Suttle1990' on page 29 undefined on input lin
e 48.

Package acronym Info: Label `acro:PV' newly defined as it shall be overridden
although it is yet undefined on input line 49.
Package acronym Info: Label `acro:DOC' overridden on input line 50.
Package acronym Info: Label `acro:DMS' newly defined as it shall be overridden
although it is yet undefined on input line 59.

Overfull \hbox (36.80406pt too wide) in paragraph at lines 58--65
[]\OT1/cmr/m/n/10.95 We es-tab-lished a metapro-teoge-nomic pro-gram for Or-gan
ic Lake (68$[]$27$[]$23.4$[]$S, 78$[]$11$[]$22.6$[]$E),
 []

Package acronym Info: Label `acro:APMV' newly defined as it shall be overridden

although it is yet undefined on input line 66.
Package acronym Info: Label `acro:OLV' newly defined as it shall be overridden
although it is yet undefined on input line 67.

Package acronym Warning: Acronym `OLV' is not defined on input line 67.


Package acronym Warning: Acronym `OLV' is not defined on input line 67.

Package acronym Info: Label `acro:OLPV' newly defined as it shall be overridden

although it is yet undefined on input line 67.

Underfull \vbox (badness 10000) has occurred while \output is active []

 [29]
Overfull \hbox (8.09361pt too wide) in paragraph at lines 77--78
[]\OT1/cmr/m/n/10.95 Surface wa-ter from the east-ern side of the ice-free lake
 (68$[]$27$[]$25.48$[]$S, 78$[]$11$[]$28.06$[]$E)
 []


Overfull \hbox (5.40356pt too wide) in paragraph at lines 79--80
[]\OT1/cmr/m/n/10.95 surface wa-ter from the north-east side of the par-tially 
ice-covered lake (68$[]$27$[]$21.02$[]$S
 []

Missing character: There is no ‚ in font cmr10!
Missing character: There is no Ä in font cmr10!
Missing character: There is no ô in font cmr10!
Package acronym Info: Label `acro:BLAST' overridden on input line 100.
[30]
Package acronym Info: Label `acro:ACT' newly defined as it shall be overridden
although it is yet undefined on input line 108.
Package acronym Info: Label `acro:CAMERA' overridden on input line 109.
 [31] [32] [33] [34] [35] [36]) [37]
\openout2 = `orglake.aux'.

 (./orglake.tex [38



]
Chapter 4.

Underfull \hbox (badness 10000) in paragraph at lines 7--8

 []

[39]
Package acronym Info: Label `acro:DMS' overridden on input line 28.
Package acronym Info: Label `acro:DMSP' newly defined as it shall be overridden

although it is yet undefined on input line 35.
 [40]
Package acronym Info: Label `acro:AAnP' newly defined as it shall be overridden

although it is yet undefined on input line 57.
Package acronym Info: Label `acro:DMS' overridden on input line 62.
Package acronym Info: Label `acro:DMSP' overridden on input line 68.
 [41]
Package acronym Info: Label `acro:DNA' newly defined as it shall be overridden
although it is yet undefined on input line 89.


Package acronym Warning: Acronym `DNA' is not defined on input line 89.


Package acronym Warning: Acronym `DNA' is not defined on input line 89.

Package acronym Info: Label `acro:DO' newly defined as it shall be overridden
although it is yet undefined on input line 93.
[42]
Package acronym Info: Label `acro:TN' newly defined as it shall be overridden
although it is yet undefined on input line 108.
Package acronym Info: Label `acro:TDN' newly defined as it shall be overridden
although it is yet undefined on input line 108.
Package acronym Info: Label `acro:DRP' newly defined as it shall be overridden
although it is yet undefined on input line 108.
Package acronym Info: Label `acro:TP' newly defined as it shall be overridden
although it is yet undefined on input line 108.
Package acronym Info: Label `acro:TDP' newly defined as it shall be overridden
although it is yet undefined on input line 108.
Package acronym Info: Label `acro:TOC' newly defined as it shall be overridden
although it is yet undefined on input line 108.
Package acronym Info: Label `acro:DOC' overridden on input line 108.
Package acronym Info: Label `acro:TS' newly defined as it shall be overridden
although it is yet undefined on input line 108.
Package acronym Info: Label `acro:TDS' newly defined as it shall be overridden
although it is yet undefined on input line 108.
Package acronym Info: Label `acro:PCA' newly defined as it shall be overridden
although it is yet undefined on input line 115.


LaTeX Warning: Command \textregistered invalid in math mode on input line 120.


LaTeX Warning: Command \textregistered invalid in math mode on input line 120.

Missing character: There is no Æ in font cmr8!
Missing character: There is no √ in font cmr10!
Missing character: There is no ó in font cmr10!

LaTeX Warning: Command \textregistered invalid in math mode on input line 120.


LaTeX Warning: Command \textregistered invalid in math mode on input line 120.

Missing character: There is no Æ in font cmr8!
Package acronym Info: Label `acro:VLP' overridden on input line 122.
Package acronym Info: Label `acro:SSU' overridden on input line 125.
Package acronym Info: Label `acro:rRNA' overridden on input line 126.
Package acronym Info: Label `acro:QIIME' newly defined as it shall be overridde
n
although it is yet undefined on input line 129.
Package acronym Info: Label `acro:OTU' newly defined as it shall be overridden
although it is yet undefined on input line 129.
Package acronym Info: Label `acro:RDP' newly defined as it shall be overridden
although it is yet undefined on input line 132.
[43]
Package acronym Info: Label `acro:ANOSIM' newly defined as it shall be overridd
en
although it is yet undefined on input line 139.
Missing character: There is no ‚ in font cmr10!
Missing character: There is no Ä in font cmr10!
Missing character: There is no ò in font cmr10!
Missing character: There is no ‚ in font cmr10!
Missing character: There is no Ä in font cmr10!
Missing character: There is no ô in font cmr10!
Package acronym Info: Label `acro:ORF' overridden on input line 146.
Package acronym Info: Label `acro:KEGG' overridden on input line 147.
Package acronym Info: Label `acro:BLAST' overridden on input line 147.
Package acronym Info: Label `acro:KOBAS' newly defined as it shall be overridde
n
although it is yet undefined on input line 149.
Package acronym Info: Label `acro:KO' newly defined as it shall be overridden
although it is yet undefined on input line 149.
Package acronym Info: Label `acro:SO' newly defined as it shall be overridden
although it is yet undefined on input line 158.
Package acronym Info: Label `acro:GOS' overridden on input line 158.
Package acronym Info: Label `acro:CAMERA' overridden on input line 161.

Overfull \hbox (10.40388pt too wide) in paragraph at lines 158--163
[]\OT1/cmr/m/n/10.95 The same marker genes and [][] pro-ce-dure was used to com
-pare the [][] catabolism
 []

[44] (./orglake_figures/physico_chem_profiles.tex
<orglake_figures/physico_chem.pdf, id=1636, 440.0605pt x 338.86601pt>
File: orglake_figures/physico_chem.pdf Graphic file (type pdf)

<use orglake_figures/physico_chem.pdf>
Package pdftex.def Info: orglake_figures/physico_chem.pdf used on input line 2.

(pdftex.def)             Requested size: 440.05942pt x 338.86517pt.

Overfull \hbox (21.80574pt too wide) in paragraph at lines 2--3
[][] 
 []

) (./orglake_figures/physico-chem_table.tex
Underfull \hbox (badness 10000) in paragraph at lines 30--30
[]|\OT1/cmr/m/n/9 dissolved C:N:P
 []


Underfull \hbox (badness 10000) in paragraph at lines 30--30
[]|\OT1/cmr/m/n/9 14.0$\OMS/cmsy/m/n/9 ^^F\OT1/cmr/m/n/9 3\OML/cmm/m/it/9 :\OT1
/cmr/m/n/9 0 \OMS/cmsy/m/n/9 ^^B
 []

) [45] [46 <./orglake_figures/physico_chem.pdf>] [47]

Package natbib Warning: Citation `Kirchman2002' on page 48 undefined on input l
ine 223.

[48]

Package natbib Warning: Citation `Teeling2012' on page 49 undefined on input li
ne 234.

Package acronym Info: Label `acro:DMSO' overridden on input line 244.
[49]
Missing character: There is no ‚ in font cmr10!
Missing character: There is no Ä in font cmr10!
Missing character: There is no ì in font cmr10!
Missing character: There is no ‚ in font cmr10!
Missing character: There is no Ä in font cmr10!
Missing character: There is no ú in font cmr10!
Missing character: There is no ‚ in font cmr10!
Missing character: There is no Ä in font cmr10!
Missing character: There is no ù in font cmr10!
 [50]
Package acronym Info: Label `acro:RuBisCO' newly defined as it shall be overrid
den
although it is yet undefined on input line 287.
Package acronym Info: Label `acro:rTCA' newly defined as it shall be overridden

although it is yet undefined on input line 296.
Package acronym Info: Label `acro:WL' newly defined as it shall be overridden
although it is yet undefined on input line 298.
 [51]
Package acronym Info: Label `acro:BchlA' newly defined as it shall be overridde
n
although it is yet undefined on input line 316.
Package acronym Info: Label `acro:PR' newly defined as it shall be overridden
although it is yet undefined on input line 317.

Underfull \vbox (badness 10000) has occurred while \output is active []

 [52]
Underfull \vbox (badness 10000) has occurred while \output is active []

 [53]
[54]
Overfull \hbox (33.22011pt too wide) in paragraph at lines 366--375
\OT1/cmr/m/it/10.95 Gammapro-teobac-te-ria \OT1/cmr/m/n/10.95 (Ta-ble 2). Low n
i-trate and ni-trite in the deep zone ([]Fig-ure 4.1[][])([]Table 4.1[][])
 []

[55]
Overfull \hbox (6.7944pt too wide) in paragraph at lines 391--395
[]\OT1/cmr/m/n/10.95 Sulphur-oxidising \OT1/cmr/m/it/10.95 Ep-silon-pro-teobac-
te-ria \OT1/cmr/m/n/10.95 pos-sess-ing \OT1/cmr/m/it/10.95 soxAB \OT1/cmr/m/n/1
0.95 genes (Ta-ble 2) were present
 []


Underfull \vbox (badness 10000) has occurred while \output is active []

 [56]

Package natbib Warning: Citation `R. pomeroyi' on page 57 undefined on input li
ne 422.


Underfull \vbox (badness 10000) has occurred while \output is active []

 [57]
[58]) [59]
\openout2 = `viruses.aux'.


No file viruses.tex.
\openout2 = `conc.aux'.

(./conc.tex [60





]
Chapter 5.
) [61] (./thesis.bbl [62


] [63]
Missing character: There is no ‚ in font cmr10!
Missing character: There is no Ñ in font cmr10!
Missing character: There is no ¢ in font cmr10!
 [64]
Missing character: There is no ‚ in font cmr10!
Missing character: There is no Ñ in font cmr10!
Missing character: There is no ¢ in font cmr10!
Missing character: There is no ‚ in font cmr10!
Missing character: There is no Ñ in font cmr10!
Missing character: There is no ¢ in font cmr10!
 [65] [66] [67]
Missing character: There is no ‚ in font cmr10!
Missing character: There is no Ä in font cmr10!
Missing character: There is no ì in font cmr10!
 [68] [69] [70] [71] [72]
[73]
Missing character: There is no ¬ in font cmr10!
Missing character: There is no ∞ in font cmr10!
Missing character: There is no ‚ in font cmr10!
Missing character: There is no Ä in font cmr10!
Missing character: There is no ì in font cmr10!
) [74]
\openout2 = `appendices.aux'.

 (./appendices.tex
Chapter 6.
) [75


]

Package natbib Warning: There were undefined citations.

Package atveryend Info: Empty hook `BeforeClearDocument' on input line 87.
Package atveryend Info: Empty hook `AfterLastShipout' on input line 87.
(./thesis.aux (./title.aux) (./originality.aux) (./copyright.aux)
(./authenticity.aux) (./acknowledgements.aux) (./publist.aux) (./abstract.aux)
(./acronyms.aux) (./intro.aux) (./acelake.aux) (./olv.aux) (./orglake.aux)
(./viruses.aux) (./conc.aux) (./appendices.aux))
Package atveryend Info: Executing hook `AtVeryEndDocument' on input line 87.
Package atveryend Info: Executing hook `AtEndAfterFileList' on input line 87.
Package rerunfilecheck Info: File `thesis.out' has not changed.
(rerunfilecheck)             Checksum: 8276339112A5FD789043A4340FDB968F;6218.


LaTeX Font Warning: Some font shapes were not available, defaults substituted.

Package atveryend Info: Empty hook `AtVeryVeryEnd' on input line 87.
 ) 
Here is how much of TeX's memory you used:
 9489 strings out of 493488
 137188 string characters out of 3141347
 261978 words of memory out of 3000000
 12042 multiletter control sequences out of 15000+200000
 13103 words of font info for 45 fonts, out of 3000000 for 9000
 957 hyphenation exceptions out of 8191
 37i,13n,39p,908b,777s stack positions out of 5000i,500n,10000p,200000b,50000s
{/usr/local/texlive/2012/texmf-dist/fonts/enc/dvips/cm-super/cm-super-ts1.enc
}</usr/local/texlive/2012/texmf-dist/fonts/type1/public/amsfonts/cm/cmbx10.pfb>
</usr/local/texlive/2012/texmf-dist/fonts/type1/public/amsfonts/cm/cmbx12.pfb><
/usr/local/texlive/2012/texmf-dist/fonts/type1/public/amsfonts/cm/cmbx9.pfb></u
sr/local/texlive/2012/texmf-dist/fonts/type1/public/amsfonts/cm/cmbxti10.pfb></
usr/local/texlive/2012/texmf-dist/fonts/type1/public/amsfonts/cm/cmcsc10.pfb></
usr/local/texlive/2012/texmf-dist/fonts/type1/public/amsfonts/cm/cmmi10.pfb></u
sr/local/texlive/2012/texmf-dist/fonts/type1/public/amsfonts/cm/cmmi8.pfb></usr
/local/texlive/2012/texmf-dist/fonts/type1/public/amsfonts/cm/cmmi9.pfb></usr/l
ocal/texlive/2012/texmf-dist/fonts/type1/public/amsfonts/cm/cmr10.pfb></usr/loc
al/texlive/2012/texmf-dist/fonts/type1/public/amsfonts/cm/cmr12.pfb></usr/local
/texlive/2012/texmf-dist/fonts/type1/public/amsfonts/cm/cmr17.pfb></usr/local/t
exlive/2012/texmf-dist/fonts/type1/public/amsfonts/cm/cmr6.pfb></usr/local/texl
ive/2012/texmf-dist/fonts/type1/public/amsfonts/cm/cmr8.pfb></usr/local/texlive
/2012/texmf-dist/fonts/type1/public/amsfonts/cm/cmr9.pfb></usr/local/texlive/20
12/texmf-dist/fonts/type1/public/amsfonts/cm/cmsy10.pfb></usr/local/texlive/201
2/texmf-dist/fonts/type1/public/amsfonts/cm/cmsy6.pfb></usr/local/texlive/2012/
texmf-dist/fonts/type1/public/amsfonts/cm/cmsy8.pfb></usr/local/texlive/2012/te
xmf-dist/fonts/type1/public/amsfonts/cm/cmsy9.pfb></usr/local/texlive/2012/texm
f-dist/fonts/type1/public/amsfonts/cm/cmti10.pfb></usr/local/texlive/2012/texmf
-dist/fonts/type1/public/amsfonts/cm/cmtt10.pfb></usr/local/texlive/2012/texmf-
dist/fonts/type1/public/cm-super/sfbx1095.pfb></usr/local/texlive/2012/texmf-di
st/fonts/type1/public/cm-super/sfrm1095.pfb>
Output written on thesis.pdf (99 pages, 774148 bytes).
PDF statistics:
 2501 PDF objects out of 2984 (max. 8388607)
 2310 compressed objects within 24 object streams
 521 named destinations out of 1000 (max. 500000)
 624 words of extra memory for PDF output out of 10000 (max. 10000000)

