\BOOKMARK [0][-]{chapter.1}{General introduction}{}% 1
\BOOKMARK [1][-]{section*.11}{Co-authorship statement}{chapter.1}% 2
\BOOKMARK [1][-]{section.1.1}{Introduction}{chapter.1}% 3
\BOOKMARK [1][-]{section.1.2}{Antarctic lakes}{chapter.1}% 4
\BOOKMARK [2][-]{subsection.1.2.1}{Ice-bound lakes}{section.1.2}% 5
\BOOKMARK [2][-]{subsection.1.2.2}{Rock-bound lakes}{section.1.2}% 6
\BOOKMARK [1][-]{section.1.3}{Coastal oases}{chapter.1}% 7
\BOOKMARK [1][-]{section.1.4}{The Vestfold Hills, East Antarctica}{chapter.1}% 8
\BOOKMARK [2][-]{subsection.1.4.1}{Biology of the Vestfold Hills}{section.1.4}% 9
\BOOKMARK [2][-]{subsection.1.4.2}{Lakes of the Vestfold Hills}{section.1.4}% 10
\BOOKMARK [1][-]{section.1.5}{Cultivation and microscopy-based Antarctic microbiology}{chapter.1}% 11
\BOOKMARK [2][-]{subsection.1.5.1}{Eucarya}{section.1.5}% 12
\BOOKMARK [2][-]{subsection.1.5.2}{Bacteria}{section.1.5}% 13
\BOOKMARK [2][-]{subsection.1.5.3}{Archaea}{section.1.5}% 14
\BOOKMARK [2][-]{subsection.1.5.4}{Viruses}{section.1.5}% 15
\BOOKMARK [1][-]{section.1.6}{Molecular approaches used in Antarctic lake systems}{chapter.1}% 16
\BOOKMARK [1][-]{section.1.7}{Insights from Antarctic molecular studies}{chapter.1}% 17
\BOOKMARK [2][-]{subsection.1.7.1}{Bacterial diversity: adaptation to unique physical and chemical conditions}{section.1.7}% 18
\BOOKMARK [2][-]{subsection.1.7.2}{Archaea: methanogens and haloarchaea}{section.1.7}% 19
\BOOKMARK [2][-]{subsection.1.7.3}{Eucarya perform multiple ecosystem roles}{section.1.7}% 20
\BOOKMARK [2][-]{subsection.1.7.4}{Functional gene studies of Antarctic lakes}{section.1.7}% 21
\BOOKMARK [2][-]{subsection.1.7.5}{Integrative studies to derive whole ecosystem function}{section.1.7}% 22
\BOOKMARK [1][-]{section.1.8}{Limitations of taxonomic surveys}{chapter.1}% 23
\BOOKMARK [1][-]{section.1.9}{`-omics' approaches}{chapter.1}% 24
\BOOKMARK [1][-]{section.1.10}{Objectives}{chapter.1}% 25
\BOOKMARK [0][-]{chapter.2}{Metaproteogenomic analysis of Ace Lake}{}% 26
\BOOKMARK [1][-]{section*.22}{Co-authorship statement}{chapter.2}% 27
\BOOKMARK [1][-]{section*.24}{relation to thesis objectives}{chapter.2}% 28
\BOOKMARK [1][-]{section.2.1}{Summary}{chapter.2}% 29
\BOOKMARK [1][-]{section.2.2}{Introduction}{chapter.2}% 30
\BOOKMARK [1][-]{section.2.3}{Materials and methods}{chapter.2}% 31
\BOOKMARK [2][-]{subsection.2.3.1}{Ace Lake samples}{section.2.3}% 32
\BOOKMARK [2][-]{subsection.2.3.2}{DNA sequencing and data cleanup}{section.2.3}% 33
\BOOKMARK [2][-]{subsection.2.3.3}{Metagenomic DNA assembly and annotation}{section.2.3}% 34
\BOOKMARK [2][-]{subsection.2.3.4}{Epifluorescence microscopy}{section.2.3}% 35
\BOOKMARK [2][-]{subsection.2.3.5}{Metaproteomic analysis}{section.2.3}% 36
\BOOKMARK [1][-]{section.2.4}{Results and discussion}{chapter.2}% 37
\BOOKMARK [2][-]{subsection.2.4.1}{Epifluorescence microscopy methodology}{section.2.4}% 38
\BOOKMARK [2][-]{subsection.2.4.2}{Community stratification supported by cell and VLP densities}{section.2.4}% 39
\BOOKMARK [2][-]{subsection.2.4.3}{Development of metaproteomic methodology}{section.2.4}% 40
\BOOKMARK [1][-]{section.2.5}{Conclusions}{chapter.2}% 41
\BOOKMARK [0][-]{chapter.3}{Virophage control of Antarctic algal host\205virus dynamics}{}% 42
\BOOKMARK [1][-]{section*.46}{Co-authorship statement}{chapter.3}% 43
\BOOKMARK [1][-]{section.3.1}{Abstract}{chapter.3}% 44
\BOOKMARK [1][-]{section.3.2}{Introduction}{chapter.3}% 45
\BOOKMARK [1][-]{section.3.3}{Materials and methods}{chapter.3}% 46
\BOOKMARK [2][-]{subsection.3.3.1}{Samples and DNA sequencing}{section.3.3}% 47
\BOOKMARK [2][-]{subsection.3.3.2}{Transmission electron microscopy}{section.3.3}% 48
\BOOKMARK [2][-]{subsection.3.3.3}{Metagenomic assembly and annotation}{section.3.3}% 49
\BOOKMARK [2][-]{subsection.3.3.4}{Genome completion and annotation}{section.3.3}% 50
\BOOKMARK [2][-]{subsection.3.3.5}{Phylogenetic analysis}{section.3.3}% 51
\BOOKMARK [2][-]{subsection.3.3.6}{Metaproteomic analysis}{section.3.3}% 52
\BOOKMARK [2][-]{subsection.3.3.7}{Algal Host\205Virus and Virophage Dynamics}{section.3.3}% 53
\BOOKMARK [1][-]{section.3.4}{Results and discussion}{chapter.3}% 54
\BOOKMARK [2][-]{subsection.3.4.1}{Dominance of phycodnaviruses in Organic Lake}{section.3.4}% 55
\BOOKMARK [2][-]{subsection.3.4.2}{Complete genome of an Organic Lake virophage}{section.3.4}% 56
\BOOKMARK [2][-]{subsection.3.4.3}{Gene exchange between virophage and phycodnaviruses}{section.3.4}% 57
\BOOKMARK [2][-]{subsection.3.4.4}{Virophage in algal host\205phycodnavirus dynamics}{section.3.4}% 58
\BOOKMARK [2][-]{subsection.3.4.5}{Ecological relevance of virophages in aquatic systems}{section.3.4}% 59
\BOOKMARK [1][-]{section.3.5}{Acknowledgements}{chapter.3}% 60
\BOOKMARK [0][-]{chapter.4}{Organic Lake}{}% 61
\BOOKMARK [0][-]{chapter.5}{Ace Lake Viral Genomes}{}% 62
\BOOKMARK [0][-]{chapter.6}{Conclusions and future work}{}% 63
\BOOKMARK [0][-]{chapter.7}{Appendices}{}% 64
