This is pdfTeX, Version 3.1415926-1.40.10 (TeX Live 2009/Debian) (format=latex 2011.7.28)  10 SEP 2012 19:00
entering extended mode
 %&-line parsing enabled.
**thesis_wrapper.tex
(./thesis_wrapper.tex
LaTeX2e <2009/09/24>
Babel <v3.8l> and hyphenation patterns for english, usenglishmax, dumylang, noh
yphenation, loaded.
(/usr/share/texmf-texlive/tex/latex/base/report.cls
Document Class: report 2007/10/19 v1.4h Standard LaTeX document class
(/usr/share/texmf-texlive/tex/latex/base/size11.clo
File: size11.clo 2007/10/19 v1.4h Standard LaTeX file (size option)
)
\c@part=\count79
\c@chapter=\count80
\c@section=\count81
\c@subsection=\count82
\c@subsubsection=\count83
\c@paragraph=\count84
\c@subparagraph=\count85
\c@figure=\count86
\c@table=\count87
\abovecaptionskip=\skip41
\belowcaptionskip=\skip42
\bibindent=\dimen102
) (./thesis_wrapper.aux
(./intro.aux) (./acelake.aux) (./olv.aux) (./orglake.aux) (./viruses.aux)
(./conc.aux) (./appendices.aux))
\openout1 = `thesis_wrapper.aux'.

LaTeX Font Info:    Checking defaults for OML/cmm/m/it on input line 7.
LaTeX Font Info:    ... okay on input line 7.
LaTeX Font Info:    Checking defaults for T1/cmr/m/n on input line 7.
LaTeX Font Info:    ... okay on input line 7.
LaTeX Font Info:    Checking defaults for OT1/cmr/m/n on input line 7.
LaTeX Font Info:    ... okay on input line 7.
LaTeX Font Info:    Checking defaults for OMS/cmsy/m/n on input line 7.
LaTeX Font Info:    ... okay on input line 7.
LaTeX Font Info:    Checking defaults for OMX/cmex/m/n on input line 7.
LaTeX Font Info:    ... okay on input line 7.
LaTeX Font Info:    Checking defaults for U/cmr/m/n on input line 7.
LaTeX Font Info:    ... okay on input line 7.
 [1

]
Underfull \hbox (badness 10000) in paragraph at lines 45--55

 []


Underfull \hbox (badness 10000) in paragraph at lines 45--55

 []

[1

] [2

] [3] [4

]
LaTeX Font Info:    Try loading font information for OMS+cmr on input line 105.

 (/usr/share/texmf-texlive/tex/latex/base/omscmr.fd
File: omscmr.fd 1999/05/25 v2.5h Standard LaTeX font definitions
)
LaTeX Font Info:    Font shape `OMS/cmr/m/n' in size <10.95> not available
(Font)              Font shape `OMS/cmsy/m/n' tried instead on input line 105.
 [5]
Overfull \hbox (3.78383pt too wide) in paragraph at lines 109--110
[]\OT1/cmr/m/n/10.95 Metagenomic se-quence qual-ity con-trol per-formed by F.M.
L. and M.Z.D. 
 []

[6] [1] [2

] (./thesis_wrapper.toc

! LaTeX Error: Something's wrong--perhaps a missing \item.

See the LaTeX manual or LaTeX Companion for explanation.
Type  H <return>  for immediate help.
 ...                                              
                                                  
l.5 ...er}{\numberline {1}General Introduction}{3}
                                                  
? 
LaTeX Font Info:    External font `cmex10' loaded for size
(Font)              <10.95> on input line 6.
LaTeX Font Info:    External font `cmex10' loaded for size
(Font)              <8> on input line 6.
LaTeX Font Info:    External font `cmex10' loaded for size
(Font)              <6> on input line 6.
[3])
\tf@toc=\write3
\openout3 = `thesis_wrapper.toc'.

 [4] (./thesis_wrapper.lof)
\tf@lof=\write4
\openout4 = `thesis_wrapper.lof'.

 [5

] [6

] (./thesis_wrapper.lot)
\tf@lot=\write5
\openout5 = `thesis_wrapper.lot'.

 [1]
\openout2 = `intro.aux'.

 (./intro.tex [2


]
Chapter 1.

LaTeX Warning: Citation `Laybourne-Parry1997' on page 3 undefined on input line
 8.


LaTeX Warning: Citation `Laybourne-Parry2007' on page 3 undefined on input line
 12.


LaTeX Warning: Citation `Siegert2005' on page 3 undefined on input line 19.

[3]

LaTeX Warning: Citation `Mickucki2009' on page 4 undefined on input line 29.


LaTeX Warning: Citation `Rankin1999' on page 4 undefined on input line 30.


LaTeX Warning: Citation `Green1988' on page 4 undefined on input line 30.


LaTeX Warning: Citation `Gibson1999' on page 4 undefined on input line 40.


LaTeX Warning: Citation `Law1959' on page 4 undefined on input line 41.


LaTeX Warning: Citation `Law1959' on page 4 undefined on input line 42.


LaTeX Warning: Citation `Johnstone1973' on page 4 undefined on input line 43.


LaTeX Warning: Citation `Gibson' on page 4 undefined on input line 46.


LaTeX Warning: Citation `1999' on page 4 undefined on input line 46.


LaTeX Warning: Citation `Burke1988' on page 4 undefined on input line 48.


LaTeX Warning: Citation `Burton1981' on page 4 undefined on input line 49.


LaTeX Warning: Citation `Gibson1999' on page 4 undefined on input line 52.


LaTeX Warning: Citation `Burke1988' on page 4 undefined on input line 52.


LaTeX Warning: Citation `Laybourne-Parry1992' on page 4 undefined on input line
 54.


LaTeX Warning: Citation `Bronge1996' on page 4 undefined on input line 54.

[4]

LaTeX Warning: Citation `Burton1981' on page 5 undefined on input line 57.


LaTeX Warning: Citation `Pickard1986' on page 5 undefined on input line 59.


LaTeX Warning: Citation `Bird1991' on page 5 undefined on input line 59.


LaTeX Warning: Citation `Bowman2000a' on page 5 undefined on input line 90.


LaTeX Warning: Citation `Bowman2000' on page 5 undefined on input line 90.


LaTeX Warning: Citation `Gordon2000' on page 5 undefined on input line 90.


LaTeX Warning: Citation `Christner2001' on page 5 undefined on input line 90.


LaTeX Warning: Citation `Purdy2003' on page 5 undefined on input line 90.


LaTeX Warning: Citation `Karr2006' on page 5 undefined on input line 90.


LaTeX Warning: Citation `Matsuzaki2006' on page 5 undefined on input line 90.


LaTeX Warning: Citation `Kurosawa2010' on page 5 undefined on input line 90.


LaTeX Warning: Citation `Bielewicz2011' on page 5 undefined on input line 90.


LaTeX Warning: Citation `Pearce2003' on page 5 undefined on input line 92.


LaTeX Warning: Citation `Pearce2003' on page 5 undefined on input line 92.


LaTeX Warning: Citation `Karr2005' on page 5 undefined on input line 92.


LaTeX Warning: Citation `Pearce2005' on page 5 undefined on input line 92.


LaTeX Warning: Citation `Pearce2005' on page 5 undefined on input line 92.


LaTeX Warning: Citation `Unrein2005' on page 5 undefined on input line 92.


LaTeX Warning: Citation `Glatz2006' on page 5 undefined on input line 92.


LaTeX Warning: Citation `Mikucki2007' on page 5 undefined on input line 92.


LaTeX Warning: Citation `Mosier2007' on page 5 undefined on input line 92.


LaTeX Warning: Citation `Schiaffino2009' on page 5 undefined on input line 92.


LaTeX Warning: Citation `Villaescusa2010' on page 5 undefined on input line 92.



LaTeX Warning: Citation `Olsen1998' on page 5 undefined on input line 93.


LaTeX Warning: Citation `Voytek1999' on page 5 undefined on input line 94.


LaTeX Warning: Citation `Karr2003' on page 5 undefined on input line 94.


LaTeX Warning: Citation `Karr2005' on page 5 undefined on input line 94.


LaTeX Warning: Citation `Mikucki2009' on page 5 undefined on input line 94.

[5]

LaTeX Warning: Citation `Bowman2000b' on page 6 undefined on input line 107.


LaTeX Warning: Citation `Glatz2006' on page 6 undefined on input line 107.


LaTeX Warning: Citation `Mosier2007' on page 6 undefined on input line 107.


LaTeX Warning: Citation `Lauro2011' on page 6 undefined on input line 110.


LaTeX Warning: Citation `Bowman2000a' on page 6 undefined on input line 111.


LaTeX Warning: Citation `Kurasawa2010' on page 6 undefined on input line 111.


LaTeX Warning: Citation `Pearce2003' on page 6 undefined on input line 114.


LaTeX Warning: Citation `Pearce2005' on page 6 undefined on input line 114.


LaTeX Warning: Citation `Pearce2005' on page 6 undefined on input line 114.


LaTeX Warning: Citation `Schiaffino2009' on page 6 undefined on input line 114.



LaTeX Warning: Citation `Schiaffino2009' on page 6 undefined on input line 119.



LaTeX Warning: Citation `Villaescusa2010' on page 6 undefined on input line 119
.

[6]

LaTeX Warning: Citation `Pearce2005' on page 7 undefined on input line 123.


LaTeX Warning: Citation `Pearce2005' on page 7 undefined on input line 124.


LaTeX Warning: Citation `Burke1988' on page 7 undefined on input line 137.


LaTeX Warning: Citation `Karr2003' on page 7 undefined on input line 138.


LaTeX Warning: Citation `Glatz2006' on page 7 undefined on input line 140.


LaTeX Warning: Citation `Gordon2000' on page 7 undefined on input line 143.


LaTeX Warning: Citation `Siegert2001' on page 7 undefined on input line 148.


LaTeX Warning: Citation `Inman 2005' on page 7 undefined on input line 152.


LaTeX Warning: Citation `Wingham2006' on page 7 undefined on input line 152.


LaTeX Warning: Citation `Lukin2011' on page 7 undefined on input line 152.


LaTeX Warning: Citation `Gramling2012' on page 7 undefined on input line 152.


LaTeX Warning: Citation `Jones2012' on page 7 undefined on input line 152.


LaTeX Warning: Citation `Priscu1999' on page 7 undefined on input line 153.


LaTeX Warning: Citation `Christner2000' on page 7 undefined on input line 153.

Missing character: There is no â in font cmr10!
Missing character: There is no € in font cmr10!
Missing character: There is no ™ in font cmr10!

LaTeX Warning: Citation `Bulat2004' on page 7 undefined on input line 156.


LaTeX Warning: Citation `Lavire2007' on page 7 undefined on input line 156.


LaTeX Warning: Citation `Alekhina2007' on page 7 undefined on input line 159.


LaTeX Warning: Citation `Christner2000' on page 7 undefined on input line 160.

[7]

LaTeX Warning: Citation `Bowman2000a' on page 8 undefined on input line 166.


LaTeX Warning: Citation `Bowman2000b' on page 8 undefined on input line 166.


LaTeX Warning: Citation `Purdy2003' on page 8 undefined on input line 166.


LaTeX Warning: Citation `Kurasawa2010' on page 8 undefined on input line 166.


LaTeX Warning: Citation `Lauro2011' on page 8 undefined on input line 166.


LaTeX Warning: Citation `Purdy2003' on page 8 undefined on input line 173.


LaTeX Warning: Citation `Franzmann1992' on page 8 undefined on input line 175.


LaTeX Warning: Citation `Franmann1997' on page 8 undefined on input line 175.


LaTeX Warning: Citation `Saunders2003' on page 8 undefined on input line 175.


LaTeX Warning: Citation `Allen2009' on page 8 undefined on input line 175.


LaTeX Warning: Citation `Cavicchioli2006' on page 8 undefined on input line 176
.


LaTeX Warning: Citation `Williams2011' on page 8 undefined on input line 176.


Overfull \hbox (6.87105pt too wide) in paragraph at lines 172--177
\OT1/cmr/m/n/10.95 etate and C1-compound uti-liz-ing methanogens [[]]. Both H$[
]$:CO$[]$ (Methanoge-
 []


Overfull \hbox (0.72534pt too wide) in paragraph at lines 172--177
\OT1/cmr/m/n/10.95 nium frigidum) and methy-lamine/methanol (\OT1/cmr/m/it/10.9
5 Methanococ-coides bur-tonii\OT1/cmr/m/n/10.95 ) uti-
 []


LaTeX Warning: Citation `Bowman2000a' on page 8 undefined on input line 180.


LaTeX Warning: Citation `Karr2006' on page 8 undefined on input line 183.

[8]

LaTeX Warning: Citation `Kurasawa2010' on page 9 undefined on input line 188.


LaTeX Warning: Citation `Lauro2011' on page 9 undefined on input line 190.


LaTeX Warning: Citation `Lauro2011' on page 9 undefined on input line 192.


LaTeX Warning: Citation `Glatz2006' on page 9 undefined on input line 195.


LaTeX Warning: Citation `Bowman2000b' on page 9 undefined on input line 196.


LaTeX Warning: Citation `Bowman2000b' on page 9 undefined on input line 197.


LaTeX Warning: Citation `Franzmann1988' on page 9 undefined on input line 198.


LaTeX Warning: Citation `Unrein2005' on page 9 undefined on input line 206.


LaTeX Warning: Citation `Unrein2005' on page 9 undefined on input line 207.


LaTeX Warning: Citation `Mosier2007' on page 9 undefined on input line 207.


LaTeX Warning: Citation `Bielewicz2011' on page 9 undefined on input line 207.


LaTeX Warning: Citation `Unrein2005' on page 9 undefined on input line 208.


LaTeX Warning: Citation `Mosier2007' on page 9 undefined on input line 208.


LaTeX Warning: Citation `Bielewicz2011' on page 9 undefined on input line 208.

[9]

LaTeX Warning: Citation `Unrein2005' on page 10 undefined on input line 213.


LaTeX Warning: Citation `Bielewicz2011' on page 10 undefined on input line 215.



LaTeX Warning: Citation `Bielewicz2011' on page 10 undefined on input line 217.



LaTeX Warning: Citation `Bowman2000b' on page 10 undefined on input line 232.


LaTeX Warning: Citation `Glatz2006' on page 10 undefined on input line 232.


LaTeX Warning: Citation `Matsuzaki2006' on page 10 undefined on input line 232.



LaTeX Warning: Citation `Mosier2007' on page 10 undefined on input line 232.


LaTeX Warning: Citation `Matsuzaki2006' on page 10 undefined on input line 234.



LaTeX Warning: Citation `Ward1997' on page 10 undefined on input line 235.


LaTeX Warning: Citation `Ward2005' on page 10 undefined on input line 237.


LaTeX Warning: Citation `Glatz2006' on page 10 undefined on input line 237.

[10]

LaTeX Warning: Citation `Bell2003' on page 11 undefined on input line 240.


LaTeX Warning: Citation `Laybourn-Parry2005' on page 11 undefined on input line
 241.


LaTeX Warning: Citation `Lopez-Bueno2009' on page 11 undefined on input line 24
6.


LaTeX Warning: Citation `Ng2010' on page 11 undefined on input line 246.


LaTeX Warning: Citation `Lauro2011' on page 11 undefined on input line 246.


LaTeX Warning: Citation `Yau2011' on page 11 undefined on input line 246.


LaTeX Warning: Citation `Varin2012' on page 11 undefined on input line 246.


LaTeX Warning: Citation `Ng2010 Lauro2011' on page 11 undefined on input line 2
48.


LaTeX Warning: Citation `Yau2011' on page 11 undefined on input line 248.


Overfull \hbox (1.9284pt too wide) in paragraph at lines 254--257
\OT1/cmr/m/n/10.95 Overall, this study aimed to use metage-nomic and metapro-te
omic ap-proaches
 []

) [11]
\openout2 = `acelake.aux'.

 (./acelake.tex [12



]
Chapter 2.
) [13]
\openout2 = `olv.aux'.

 (./olv.tex [14



]
Chapter 3.
) [15]
\openout2 = `orglake.aux'.

 (./orglake.tex [16



]
Chapter 4.
) [17]
\openout2 = `viruses.aux'.

 (./viruses.tex [18



]
Chapter 5.
) [19]
\openout2 = `conc.aux'.

 (./conc.tex [20



]
Chapter 6.
) [21]
No file thesis_wrapper.bbl.
\openout2 = `appendices.aux'.

(./appendices.tex [22



]
Chapter 7.
) [23] (./thesis_wrapper.aux (./intro.aux) (./acelake.aux) (./olv.aux)
(./orglake.aux) (./viruses.aux) (./conc.aux) (./appendices.aux))

LaTeX Warning: There were undefined references.

 ) 
Here is how much of TeX's memory you used:
 418 strings out of 495062
 4799 string characters out of 1182644
 55601 words of memory out of 3000000
 3609 multiletter control sequences out of 15000+50000
 9754 words of font info for 34 fonts, out of 3000000 for 9000
 28 hyphenation exceptions out of 8191
 23i,5n,23p,260b,179s stack positions out of 5000i,500n,10000p,200000b,50000s

Output written on thesis_wrapper.dvi (36 pages, 49936 bytes).
